  ConsoleApplication11.cpp
C:\Users\sergd\source\repos\ConsoleApplication11\ConsoleApplication11\ConsoleApplication11.cpp(77,20): warning C4101: ex: неиспользованная локальная переменная
      C:\Users\sergd\source\repos\ConsoleApplication11\ConsoleApplication11\ConsoleApplication11.cpp(77,20):
      контекст создания экземпляра шаблона (сначала самый старый)
          C:\Users\sergd\source\repos\ConsoleApplication11\ConsoleApplication11\ConsoleApplication11.cpp(99,9):
          выполняется компиляция ссылки на экземпляр класс шаблон функции "Stack<int>"
          C:\Users\sergd\source\repos\ConsoleApplication11\ConsoleApplication11\ConsoleApplication11.cpp(71,10):
          во время компиляции функции-члена класс шаблон "void Stack<int>::pop(void)"
              C:\Users\sergd\source\repos\ConsoleApplication11\ConsoleApplication11\ConsoleApplication11.cpp(115,20):
              см. первую ссылку на "Stack<int>::pop" в "testUnderflow"
  
C:\Users\sergd\source\repos\ConsoleApplication11\ConsoleApplication11\ConsoleApplication11.cpp(65,28): warning C4101: ex: неиспользованная локальная переменная
      C:\Users\sergd\source\repos\ConsoleApplication11\ConsoleApplication11\ConsoleApplication11.cpp(65,28):
      контекст создания экземпляра шаблона (сначала самый старый)
          C:\Users\sergd\source\repos\ConsoleApplication11\ConsoleApplication11\ConsoleApplication11.cpp(59,10):
          во время компиляции функции-члена класс шаблон "void Stack<int>::push(T)"
          with
          [
              T=int
          ]
              C:\Users\sergd\source\repos\ConsoleApplication11\ConsoleApplication11\ConsoleApplication11.cpp(99,21):
              см. первую ссылку на "Stack<int>::push" в "testOverflow"
  
  ConsoleApplication11.vcxproj -> C:\Users\sergd\source\repos\ConsoleApplication11\x64\Debug\ConsoleApplication11.exe
